mode: set
gophercises/ex18/primitive/primitive.go:32.42,33.25 1 1
gophercises/ex18/primitive/primitive.go:33.25,35.3 1 1
gophercises/ex18/primitive/primitive.go:43.104,45.27 2 1
gophercises/ex18/primitive/primitive.go:49.2,50.16 2 1
gophercises/ex18/primitive/primitive.go:53.2,55.16 3 1
gophercises/ex18/primitive/primitive.go:58.2,62.16 3 1
gophercises/ex18/primitive/primitive.go:67.2,68.16 2 1
gophercises/ex18/primitive/primitive.go:71.2,76.16 4 1
gophercises/ex18/primitive/primitive.go:79.2,79.15 1 1
gophercises/ex18/primitive/primitive.go:45.27,47.3 1 1
gophercises/ex18/primitive/primitive.go:50.16,52.3 1 1
gophercises/ex18/primitive/primitive.go:55.16,57.3 1 0
gophercises/ex18/primitive/primitive.go:62.16,64.3 1 1
gophercises/ex18/primitive/primitive.go:68.16,70.3 1 1
gophercises/ex18/primitive/primitive.go:76.16,78.3 1 0
gophercises/ex18/primitive/primitive.go:82.93,87.2 4 1
gophercises/ex18/primitive/primitive.go:89.45,92.2 2 1
gophercises/ex18/primitive/primitive.go:94.70,96.16 2 1
gophercises/ex18/primitive/primitive.go:99.2,100.56 2 1
gophercises/ex18/primitive/primitive.go:96.16,98.3 1 0
gophercises/ex18/primitive/transform_apis.go:13.53,15.16 2 1
gophercises/ex18/primitive/transform_apis.go:20.2,23.19 4 1
gophercises/ex18/primitive/transform_apis.go:27.2,28.16 2 1
gophercises/ex18/primitive/transform_apis.go:32.2,33.16 2 1
gophercises/ex18/primitive/transform_apis.go:37.2,37.72 1 1
gophercises/ex18/primitive/transform_apis.go:15.16,19.3 3 1
gophercises/ex18/primitive/transform_apis.go:23.19,26.3 2 1
gophercises/ex18/primitive/transform_apis.go:28.16,31.3 2 1
gophercises/ex18/primitive/transform_apis.go:33.16,36.3 2 1
gophercises/ex18/primitive/transform_apis.go:42.53,44.16 2 1
gophercises/ex18/primitive/transform_apis.go:49.2,52.16 4 1
gophercises/ex18/primitive/transform_apis.go:56.2,58.80 3 1
gophercises/ex18/primitive/transform_apis.go:44.16,48.3 3 1
gophercises/ex18/primitive/transform_apis.go:52.16,55.3 2 1
gophercises/ex18/primitive/transform_apis.go:61.109,69.16 3 1
gophercises/ex18/primitive/transform_apis.go:74.2,88.27 5 1
gophercises/ex18/primitive/transform_apis.go:95.2,96.16 2 1
gophercises/ex18/primitive/transform_apis.go:69.16,72.3 2 1
gophercises/ex18/primitive/transform_apis.go:88.27,94.3 1 1
gophercises/ex18/primitive/transform_apis.go:96.16,97.13 1 0
gophercises/ex18/primitive/transform_apis.go:101.94,109.16 3 1
gophercises/ex18/primitive/transform_apis.go:115.2,128.27 5 1
gophercises/ex18/primitive/transform_apis.go:134.2,135.16 2 1
gophercises/ex18/primitive/transform_apis.go:109.16,113.3 2 1
gophercises/ex18/primitive/transform_apis.go:128.27,133.3 1 1
gophercises/ex18/primitive/transform_apis.go:135.16,136.13 1 0
gophercises/ex18/primitive/transform_apis.go:145.81,147.27 2 1
gophercises/ex18/primitive/transform_apis.go:155.2,155.17 1 1
gophercises/ex18/primitive/transform_apis.go:147.27,150.17 3 1
gophercises/ex18/primitive/transform_apis.go:153.3,153.23 1 1
gophercises/ex18/primitive/transform_apis.go:150.17,152.4 1 1
gophercises/ex18/primitive/transform_apis.go:160.82,162.16 2 1
gophercises/ex18/primitive/transform_apis.go:165.2,166.16 2 1
gophercises/ex18/primitive/transform_apis.go:169.2,171.28 3 1
gophercises/ex18/primitive/transform_apis.go:162.16,164.3 1 1
gophercises/ex18/primitive/transform_apis.go:166.16,168.3 1 1
